Analysis & Synthesis report for Calculadora
Tue Apr 12 18:57:22 2016
Quartus II Version 9.0 Build 132 02/25/2009 SJ Web Edition


---------------------
; Table of Contents ;
---------------------
  1. Legal Notice
  2. Analysis & Synthesis Summary
  3. Analysis & Synthesis Settings
  4. Analysis & Synthesis Source Files Read
  5. Analysis & Synthesis Resource Usage Summary
  6. Analysis & Synthesis Resource Utilization by Entity
  7. Analysis & Synthesis DSP Block Usage Summary
  8. User-Specified and Inferred Latches
  9. General Register Statistics
 10. Inverted Register Statistics
 11. Multiplexer Restructuring Statistics (Restructuring Performed)
 12. Parameter Settings for Inferred Entity Instance: Multiplicador:multiplicacion|lpm_mult:Mult0
 13. lpm_mult Parameter Settings by Entity Instance
 14. Port Connectivity Checks: "Salida:salir"
 15. Port Connectivity Checks: "Counter:contador"
 16. Analysis & Synthesis Messages



----------------
; Legal Notice ;
----------------
Copyright (C) 1991-2009 Altera Corporation
Your use of Altera Corporation's design tools, logic functions 
and other software and tools, and its AMPP partner logic 
functions, and any output files from any of the foregoing 
(including device programming or simulation files), and any 
associated documentation or information are expressly subject 
to the terms and conditions of the Altera Program License 
Subscription Agreement, Altera MegaCore Function License 
Agreement, or other applicable license agreement, including, 
without limitation, that your use is for the sole purpose of 
programming logic devices manufactured by Altera and sold by 
Altera or its authorized distributors.  Please refer to the 
applicable agreement for further details.



+-------------------------------------------------------------------------+
; Analysis & Synthesis Summary                                            ;
+-------------------------------+-----------------------------------------+
; Analysis & Synthesis Status   ; Successful - Tue Apr 12 18:57:22 2016   ;
; Quartus II Version            ; 9.0 Build 132 02/25/2009 SJ Web Edition ;
; Revision Name                 ; Calculadora                             ;
; Top-level Entity Name         ; Calculadora                             ;
; Family                        ; Stratix II                              ;
; Logic utilization             ; N/A                                     ;
;     Combinational ALUTs       ; 45                                      ;
;     Dedicated logic registers ; 8                                       ;
; Total registers               ; 8                                       ;
; Total pins                    ; 36                                      ;
; Total virtual pins            ; 0                                       ;
; Total block memory bits       ; 0                                       ;
; DSP block 9-bit elements      ; 1                                       ;
; Total PLLs                    ; 0                                       ;
; Total DLLs                    ; 0                                       ;
+-------------------------------+-----------------------------------------+


+----------------------------------------------------------------------------------------------------------+
; Analysis & Synthesis Settings                                                                            ;
+----------------------------------------------------------------+--------------------+--------------------+
; Option                                                         ; Setting            ; Default Value      ;
+----------------------------------------------------------------+--------------------+--------------------+
; Top-level entity name                                          ; Calculadora        ; Calculadora        ;
; Family name                                                    ; Stratix II         ; Stratix II         ;
; Use Generated Physical Constraints File                        ; Off                ;                    ;
; Use smart compilation                                          ; Off                ; Off                ;
; Restructure Multiplexers                                       ; Auto               ; Auto               ;
; Create Debugging Nodes for IP Cores                            ; Off                ; Off                ;
; Preserve fewer node names                                      ; On                 ; On                 ;
; Disable OpenCore Plus hardware evaluation                      ; Off                ; Off                ;
; Verilog Version                                                ; Verilog_2001       ; Verilog_2001       ;
; VHDL Version                                                   ; VHDL93             ; VHDL93             ;
; State Machine Processing                                       ; Auto               ; Auto               ;
; Safe State Machine                                             ; Off                ; Off                ;
; Extract Verilog State Machines                                 ; On                 ; On                 ;
; Extract VHDL State Machines                                    ; On                 ; On                 ;
; Ignore Verilog initial constructs                              ; Off                ; Off                ;
; Iteration limit for constant Verilog loops                     ; 5000               ; 5000               ;
; Iteration limit for non-constant Verilog loops                 ; 250                ; 250                ;
; Add Pass-Through Logic to Inferred RAMs                        ; On                 ; On                 ;
; Parallel Synthesis                                             ; Off                ; Off                ;
; DSP Block Balancing                                            ; Auto               ; Auto               ;
; NOT Gate Push-Back                                             ; On                 ; On                 ;
; Power-Up Don't Care                                            ; On                 ; On                 ;
; Remove Redundant Logic Cells                                   ; Off                ; Off                ;
; Remove Duplicate Registers                                     ; On                 ; On                 ;
; Ignore CARRY Buffers                                           ; Off                ; Off                ;
; Ignore CASCADE Buffers                                         ; Off                ; Off                ;
; Ignore GLOBAL Buffers                                          ; Off                ; Off                ;
; Ignore ROW GLOBAL Buffers                                      ; Off                ; Off                ;
; Ignore LCELL Buffers                                           ; Off                ; Off                ;
; Ignore SOFT Buffers                                            ; On                 ; On                 ;
; Limit AHDL Integers to 32 Bits                                 ; Off                ; Off                ;
; Optimization Technique                                         ; Balanced           ; Balanced           ;
; Carry Chain Length                                             ; 70                 ; 70                 ;
; Auto Carry Chains                                              ; On                 ; On                 ;
; Auto Open-Drain Pins                                           ; On                 ; On                 ;
; Perform WYSIWYG Primitive Resynthesis                          ; Off                ; Off                ;
; Auto ROM Replacement                                           ; On                 ; On                 ;
; Auto RAM Replacement                                           ; On                 ; On                 ;
; Auto DSP Block Replacement                                     ; On                 ; On                 ;
; Auto Shift Register Replacement                                ; Auto               ; Auto               ;
; Auto Clock Enable Replacement                                  ; On                 ; On                 ;
; Strict RAM Replacement                                         ; Off                ; Off                ;
; Allow Synchronous Control Signals                              ; On                 ; On                 ;
; Force Use of Synchronous Clear Signals                         ; Off                ; Off                ;
; Auto RAM Block Balancing                                       ; On                 ; On                 ;
; Auto RAM to Logic Cell Conversion                              ; Off                ; Off                ;
; Auto Resource Sharing                                          ; Off                ; Off                ;
; Allow Any RAM Size For Recognition                             ; Off                ; Off                ;
; Allow Any ROM Size For Recognition                             ; Off                ; Off                ;
; Allow Any Shift Register Size For Recognition                  ; Off                ; Off                ;
; Use LogicLock Constraints during Resource Balancing            ; On                 ; On                 ;
; Ignore translate_off and synthesis_off directives              ; Off                ; Off                ;
; Timing-Driven Synthesis                                        ; Off                ; Off                ;
; Show Parameter Settings Tables in Synthesis Report             ; On                 ; On                 ;
; Ignore Maximum Fan-Out Assignments                             ; Off                ; Off                ;
; Synchronization Register Chain Length                          ; 2                  ; 2                  ;
; PowerPlay Power Optimization                                   ; Normal compilation ; Normal compilation ;
; HDL message level                                              ; Level2             ; Level2             ;
; Suppress Register Optimization Related Messages                ; Off                ; Off                ;
; Number of Removed Registers Reported in Synthesis Report       ; 100                ; 100                ;
; Number of Inverted Registers Reported in Synthesis Report      ; 100                ; 100                ;
; Clock MUX Protection                                           ; On                 ; On                 ;
; Auto Gated Clock Conversion                                    ; Off                ; Off                ;
; Block Design Naming                                            ; Auto               ; Auto               ;
; SDC constraint protection                                      ; Off                ; Off                ;
; Synthesis Effort                                               ; Auto               ; Auto               ;
; Allows Asynchronous Clear Usage For Shift Register Replacement ; On                 ; On                 ;
; Analysis & Synthesis Message Level                             ; Medium             ; Medium             ;
+----------------------------------------------------------------+--------------------+--------------------+


+---------------------------------------------------------------------------------------------------------------------------------------------------------------------+
; Analysis & Synthesis Source Files Read                                                                                                                              ;
+----------------------------------+-----------------+------------------------------+---------------------------------------------------------------------------------+
; File Name with User-Entered Path ; Used in Netlist ; File Type                    ; File Name with Absolute Path                                                    ;
+----------------------------------+-----------------+------------------------------+---------------------------------------------------------------------------------+
; ../Calculadora.vhd               ; yes             ; User VHDL File               ; C:/Users/estudiante.11A503E42117145/Documents/fabi/Calculadora.vhd              ;
; ../Calculadora_controller.vhd    ; yes             ; User VHDL File               ; C:/Users/estudiante.11A503E42117145/Documents/fabi/Calculadora_controller.vhd   ;
; ../Counter.vhd                   ; yes             ; User VHDL File               ; C:/Users/estudiante.11A503E42117145/Documents/fabi/Counter.vhd                  ;
; ../Multiplicador.vhd             ; yes             ; User VHDL File               ; C:/Users/estudiante.11A503E42117145/Documents/fabi/Multiplicador.vhd            ;
; ../Restador.vhd                  ; yes             ; User VHDL File               ; C:/Users/estudiante.11A503E42117145/Documents/fabi/Restador.vhd                 ;
; ../Salida.vhd                    ; yes             ; User VHDL File               ; C:/Users/estudiante.11A503E42117145/Documents/fabi/Salida.vhd                   ;
; ../Sumador.vhd                   ; yes             ; User VHDL File               ; C:/Users/estudiante.11A503E42117145/Documents/fabi/Sumador.vhd                  ;
; lpm_mult.tdf                     ; yes             ; Megafunction                 ; c:/altera/90/quartus/libraries/megafunctions/lpm_mult.tdf                       ;
; aglobal90.inc                    ; yes             ; Megafunction                 ; c:/altera/90/quartus/libraries/megafunctions/aglobal90.inc                      ;
; lpm_add_sub.inc                  ; yes             ; Megafunction                 ; c:/altera/90/quartus/libraries/megafunctions/lpm_add_sub.inc                    ;
; multcore.inc                     ; yes             ; Megafunction                 ; c:/altera/90/quartus/libraries/megafunctions/multcore.inc                       ;
; bypassff.inc                     ; yes             ; Megafunction                 ; c:/altera/90/quartus/libraries/megafunctions/bypassff.inc                       ;
; altshift.inc                     ; yes             ; Megafunction                 ; c:/altera/90/quartus/libraries/megafunctions/altshift.inc                       ;
; db/mult_bm01.tdf                 ; yes             ; Auto-Generated Megafunction  ; C:/Users/estudiante.11A503E42117145/Documents/fabi/calculadora/db/mult_bm01.tdf ;
+----------------------------------+-----------------+------------------------------+---------------------------------------------------------------------------------+


+--------------------------------------------------------------------------------------------------+
; Analysis & Synthesis Resource Usage Summary                                                      ;
+-----------------------------------------------+--------------------------------------------------+
; Resource                                      ; Usage                                            ;
+-----------------------------------------------+--------------------------------------------------+
; Estimated ALUTs Used                          ; 45                                               ;
; Dedicated logic registers                     ; 8                                                ;
;                                               ;                                                  ;
; Estimated ALUTs Unavailable                   ; 7                                                ;
;                                               ;                                                  ;
; Total combinational functions                 ; 45                                               ;
; Combinational ALUT usage by number of inputs  ;                                                  ;
;     -- 7 input functions                      ; 0                                                ;
;     -- 6 input functions                      ; 15                                               ;
;     -- 5 input functions                      ; 3                                                ;
;     -- 4 input functions                      ; 6                                                ;
;     -- <=3 input functions                    ; 21                                               ;
;                                               ;                                                  ;
; Combinational ALUTs by mode                   ;                                                  ;
;     -- normal mode                            ; 27                                               ;
;     -- extended LUT mode                      ; 0                                                ;
;     -- arithmetic mode                        ; 9                                                ;
;     -- shared arithmetic mode                 ; 9                                                ;
;                                               ;                                                  ;
; Estimated ALUT/register pairs used            ; 45                                               ;
;                                               ;                                                  ;
; Total registers                               ; 8                                                ;
;     -- Dedicated logic registers              ; 8                                                ;
;     -- I/O registers                          ; 0                                                ;
;                                               ;                                                  ;
; Estimated ALMs:  partially or completely used ; 24                                               ;
;                                               ;                                                  ;
; I/O pins                                      ; 36                                               ;
; DSP block 9-bit elements                      ; 1                                                ;
; Maximum fan-out node                          ; Calculadora_controller:maquina_estados|estado[1] ;
; Maximum fan-out                               ; 17                                               ;
; Total fan-out                                 ; 248                                              ;
; Average fan-out                               ; 2.73                                             ;
+-----------------------------------------------+--------------------------------------------------+


+------------------------------------------------------------------------------------------------------------------------------------------------------------------------------------------------------------------------------------------------------------------------------+
; Analysis & Synthesis Resource Utilization by Entity                                                                                                                                                                                                                          ;
+---------------------------------------------+-------------------+--------------+-------------------+--------------+---------+-----------+-----------+------+--------------+-----------------------------------------------------------------------------------+--------------+
; Compilation Hierarchy Node                  ; LC Combinationals ; LC Registers ; Block Memory Bits ; DSP Elements ; DSP 9x9 ; DSP 18x18 ; DSP 36x36 ; Pins ; Virtual Pins ; Full Hierarchy Name                                                               ; Library Name ;
+---------------------------------------------+-------------------+--------------+-------------------+--------------+---------+-----------+-----------+------+--------------+-----------------------------------------------------------------------------------+--------------+
; |Calculadora                                ; 45 (0)            ; 8 (0)        ; 0                 ; 1            ; 1       ; 0         ; 0         ; 36   ; 0            ; |Calculadora                                                                      ; work         ;
;    |Calculadora_controller:maquina_estados| ; 5 (5)             ; 4 (4)        ; 0                 ; 0            ; 0       ; 0         ; 0         ; 0    ; 0            ; |Calculadora|Calculadora_controller:maquina_estados                               ; work         ;
;    |Counter:contador|                       ; 7 (7)             ; 4 (4)        ; 0                 ; 0            ; 0       ; 0         ; 0         ; 0    ; 0            ; |Calculadora|Counter:contador                                                     ; work         ;
;    |Multiplicador:multiplicacion|           ; 0 (0)             ; 0 (0)        ; 0                 ; 1            ; 1       ; 0         ; 0         ; 0    ; 0            ; |Calculadora|Multiplicador:multiplicacion                                         ; work         ;
;       |lpm_mult:Mult0|                      ; 0 (0)             ; 0 (0)        ; 0                 ; 1            ; 1       ; 0         ; 0         ; 0    ; 0            ; |Calculadora|Multiplicador:multiplicacion|lpm_mult:Mult0                          ; work         ;
;          |mult_bm01:auto_generated|         ; 0 (0)             ; 0 (0)        ; 0                 ; 1            ; 1       ; 0         ; 0         ; 0    ; 0            ; |Calculadora|Multiplicador:multiplicacion|lpm_mult:Mult0|mult_bm01:auto_generated ; work         ;
;    |Restador:resta|                         ; 9 (9)             ; 0 (0)        ; 0                 ; 0            ; 0       ; 0         ; 0         ; 0    ; 0            ; |Calculadora|Restador:resta                                                       ; work         ;
;    |Salida:salir|                           ; 15 (15)           ; 0 (0)        ; 0                 ; 0            ; 0       ; 0         ; 0         ; 0    ; 0            ; |Calculadora|Salida:salir                                                         ; work         ;
;    |Sumador:suma|                           ; 9 (9)             ; 0 (0)        ; 0                 ; 0            ; 0       ; 0         ; 0         ; 0    ; 0            ; |Calculadora|Sumador:suma                                                         ; work         ;
+---------------------------------------------+-------------------+--------------+-------------------+--------------+---------+-----------+-----------+------+--------------+-----------------------------------------------------------------------------------+--------------+
Note: For table entries with two numbers listed, the numbers in parentheses indicate the number of resources of the given type used by the specific entity alone. The numbers listed outside of parentheses indicate the total resources of the given type used by the specific entity and all of its sub-entities in the hierarchy.


+------------------------------------------------+
; Analysis & Synthesis DSP Block Usage Summary   ;
+----------------------------------+-------------+
; Statistic                        ; Number Used ;
+----------------------------------+-------------+
; Simple Multipliers (9-bit)       ; 1           ;
; Simple Multipliers (18-bit)      ; 0           ;
; Simple Multipliers (36-bit)      ; 0           ;
; Multiply Accumulators (18-bit)   ; 0           ;
; Two-Multipliers Adders (9-bit)   ; 0           ;
; Two-Multipliers Adders (18-bit)  ; 0           ;
; Four-Multipliers Adders (9-bit)  ; 0           ;
; Four-Multipliers Adders (18-bit) ; 0           ;
; Dynamic DSP Blocks               ; 0           ;
; DSP Blocks                       ; --          ;
; DSP Block 9-bit Elements         ; 1           ;
; Signed Multipliers               ; 1           ;
; Unsigned Multipliers             ; 0           ;
; Mixed Sign Multipliers           ; 0           ;
; Variable Sign Multipliers        ; 0           ;
; Dedicated Shift Register Chains  ; 0           ;
+----------------------------------+-------------+
Note: number of DSP Blocks used is only available after a successful fit.


+-----------------------------------------------------------------------------------------------------+
; User-Specified and Inferred Latches                                                                 ;
+----------------------------------------------------+-----------------------+------------------------+
; Latch Name                                         ; Latch Enable Signal   ; Free of Timing Hazards ;
+----------------------------------------------------+-----------------------+------------------------+
; Counter:contador|T0                                ; Counter:contador|Mux3 ; yes                    ;
; Number of user-specified and inferred latches = 1  ;                       ;                        ;
+----------------------------------------------------+-----------------------+------------------------+
Note: All latches listed above may not be present at the end of synthesis due to various synthesis optimizations.


+------------------------------------------------------+
; General Register Statistics                          ;
+----------------------------------------------+-------+
; Statistic                                    ; Value ;
+----------------------------------------------+-------+
; Total registers                              ; 8     ;
; Number of registers using Synchronous Clear  ; 0     ;
; Number of registers using Synchronous Load   ; 0     ;
; Number of registers using Asynchronous Clear ; 8     ;
; Number of registers using Asynchronous Load  ; 0     ;
; Number of registers using Clock Enable       ; 4     ;
; Number of registers using Preset             ; 0     ;
+----------------------------------------------+-------+


+------------------------------------------------------------+
; Inverted Register Statistics                               ;
+--------------------------------------------------+---------+
; Inverted Register                                ; Fan out ;
+--------------------------------------------------+---------+
; Calculadora_controller:maquina_estados|estado[0] ; 6       ;
; Counter:contador|temp[1]                         ; 5       ;
; Total number of inverted registers = 2           ;         ;
+--------------------------------------------------+---------+


+---------------------------------------------------------------------------------------------------------------------------------------------------+
; Multiplexer Restructuring Statistics (Restructuring Performed)                                                                                    ;
+--------------------+-----------+---------------+----------------------+------------------------+------------+-------------------------------------+
; Multiplexer Inputs ; Bus Width ; Baseline Area ; Area if Restructured ; Saving if Restructured ; Registered ; Example Multiplexer Output          ;
+--------------------+-----------+---------------+----------------------+------------------------+------------+-------------------------------------+
; 4:1                ; 15 bits   ; 30 ALUTs      ; 30 ALUTs             ; 0 ALUTs                ; No         ; |Calculadora|Salida:salir|salida[0] ;
+--------------------+-----------+---------------+----------------------+------------------------+------------+-------------------------------------+


+----------------------------------------------------------------------------------------------+
; Parameter Settings for Inferred Entity Instance: Multiplicador:multiplicacion|lpm_mult:Mult0 ;
+------------------------------------------------+------------+--------------------------------+
; Parameter Name                                 ; Value      ; Type                           ;
+------------------------------------------------+------------+--------------------------------+
; AUTO_CARRY_CHAINS                              ; ON         ; AUTO_CARRY                     ;
; IGNORE_CARRY_BUFFERS                           ; OFF        ; IGNORE_CARRY                   ;
; AUTO_CASCADE_CHAINS                            ; ON         ; AUTO_CASCADE                   ;
; IGNORE_CASCADE_BUFFERS                         ; OFF        ; IGNORE_CASCADE                 ;
; LPM_WIDTHA                                     ; 8          ; Untyped                        ;
; LPM_WIDTHB                                     ; 8          ; Untyped                        ;
; LPM_WIDTHP                                     ; 16         ; Untyped                        ;
; LPM_WIDTHR                                     ; 16         ; Untyped                        ;
; LPM_WIDTHS                                     ; 1          ; Untyped                        ;
; LPM_REPRESENTATION                             ; SIGNED     ; Untyped                        ;
; LPM_PIPELINE                                   ; 0          ; Untyped                        ;
; LATENCY                                        ; 0          ; Untyped                        ;
; INPUT_A_IS_CONSTANT                            ; NO         ; Untyped                        ;
; INPUT_B_IS_CONSTANT                            ; NO         ; Untyped                        ;
; USE_EAB                                        ; OFF        ; Untyped                        ;
; MAXIMIZE_SPEED                                 ; 5          ; Untyped                        ;
; DEVICE_FAMILY                                  ; Stratix II ; Untyped                        ;
; CARRY_CHAIN                                    ; MANUAL     ; Untyped                        ;
; APEX20K_TECHNOLOGY_MAPPER                      ; LUT        ; TECH_MAPPER_APEX20K            ;
; DEDICATED_MULTIPLIER_CIRCUITRY                 ; AUTO       ; Untyped                        ;
; DEDICATED_MULTIPLIER_MIN_INPUT_WIDTH_FOR_AUTO  ; 0          ; Untyped                        ;
; DEDICATED_MULTIPLIER_MIN_OUTPUT_WIDTH_FOR_AUTO ; 0          ; Untyped                        ;
; CBXI_PARAMETER                                 ; mult_bm01  ; Untyped                        ;
; INPUT_A_FIXED_VALUE                            ; Bx         ; Untyped                        ;
; INPUT_B_FIXED_VALUE                            ; Bx         ; Untyped                        ;
; USE_AHDL_IMPLEMENTATION                        ; OFF        ; Untyped                        ;
+------------------------------------------------+------------+--------------------------------+
Note: In order to hide this table in the UI and the text report file, please set the "Show Parameter Settings Tables in Synthesis Report" option in "Analysis and Synthesis Settings -> More Settings" to "Off".


+-------------------------------------------------------------------------------------+
; lpm_mult Parameter Settings by Entity Instance                                      ;
+---------------------------------------+---------------------------------------------+
; Name                                  ; Value                                       ;
+---------------------------------------+---------------------------------------------+
; Number of entity instances            ; 1                                           ;
; Entity Instance                       ; Multiplicador:multiplicacion|lpm_mult:Mult0 ;
;     -- LPM_WIDTHA                     ; 8                                           ;
;     -- LPM_WIDTHB                     ; 8                                           ;
;     -- LPM_WIDTHP                     ; 16                                          ;
;     -- LPM_REPRESENTATION             ; SIGNED                                      ;
;     -- INPUT_A_IS_CONSTANT            ; NO                                          ;
;     -- INPUT_B_IS_CONSTANT            ; NO                                          ;
;     -- USE_EAB                        ; OFF                                         ;
;     -- DEDICATED_MULTIPLIER_CIRCUITRY ; AUTO                                        ;
;     -- INPUT_A_FIXED_VALUE            ; Bx                                          ;
;     -- INPUT_B_FIXED_VALUE            ; Bx                                          ;
+---------------------------------------+---------------------------------------------+


+--------------------------------------------------------------------------------------------------------------------------+
; Port Connectivity Checks: "Salida:salir"                                                                                 ;
+----------------+--------+----------+-------------------------------------------------------------------------------------+
; Port           ; Type   ; Severity ; Details                                                                             ;
+----------------+--------+----------+-------------------------------------------------------------------------------------+
; salida[31..15] ; Output ; Info     ; Connected to dangling logic. Logic that only feeds a dangling port will be removed. ;
+----------------+--------+----------+-------------------------------------------------------------------------------------+


+----------------------------------------------------------------------------------------------------------------+
; Port Connectivity Checks: "Counter:contador"                                                                   ;
+------+--------+----------+-------------------------------------------------------------------------------------+
; Port ; Type   ; Severity ; Details                                                                             ;
+------+--------+----------+-------------------------------------------------------------------------------------+
; t1   ; Output ; Info     ; Connected to dangling logic. Logic that only feeds a dangling port will be removed. ;
+------+--------+----------+-------------------------------------------------------------------------------------+


+-------------------------------+
; Analysis & Synthesis Messages ;
+-------------------------------+
Info: *******************************************************************
Info: Running Quartus II Analysis & Synthesis
    Info: Version 9.0 Build 132 02/25/2009 SJ Web Edition
    Info: Processing started: Tue Apr 12 18:57:03 2016
Info: Command: quartus_map --read_settings_files=on --write_settings_files=off Calculadora -c Calculadora
Info: Found 2 design units, including 1 entities, in source file ../Calculadora.vhd
    Info: Found design unit 1: Calculadora-calculadora_arch
    Info: Found entity 1: Calculadora
Info: Found 2 design units, including 1 entities, in source file ../Calculadora_controller.vhd
    Info: Found design unit 1: Calculadora_controller-Calculadora_controller_arch
    Info: Found entity 1: Calculadora_controller
Info: Found 2 design units, including 1 entities, in source file ../Counter.vhd
    Info: Found design unit 1: Counter-Behavioral
    Info: Found entity 1: Counter
Info: Found 2 design units, including 1 entities, in source file ../Multiplicador.vhd
    Info: Found design unit 1: Multiplicador-Multiplicador_arch
    Info: Found entity 1: Multiplicador
Info: Found 2 design units, including 1 entities, in source file ../Restador.vhd
    Info: Found design unit 1: Restador-Restador_arch
    Info: Found entity 1: Restador
Info: Found 2 design units, including 1 entities, in source file ../Salida.vhd
    Info: Found design unit 1: Salida-Salida_arch
    Info: Found entity 1: Salida
Info: Found 2 design units, including 1 entities, in source file ../Sumador.vhd
    Info: Found design unit 1: Sumador-sumador_arch
    Info: Found entity 1: Sumador
Info: Elaborating entity "Calculadora" for the top level hierarchy
Warning (10036): Verilog HDL or VHDL warning at Calculadora.vhd(76): object "contador_cable_aux" assigned a value but never read
Info: Elaborating entity "Sumador" for hierarchy "Sumador:suma"
Warning (10492): VHDL Process Statement warning at Sumador.vhd(21): signal "salida" is read inside the Process Statement but isn't in the Process Statement's sensitivity list
Info: Elaborating entity "Restador" for hierarchy "Restador:resta"
Warning (10492): VHDL Process Statement warning at Restador.vhd(21): signal "salida" is read inside the Process Statement but isn't in the Process Statement's sensitivity list
Info: Elaborating entity "Multiplicador" for hierarchy "Multiplicador:multiplicacion"
Warning (10492): VHDL Process Statement warning at Multiplicador.vhd(21): signal "salida" is read inside the Process Statement but isn't in the Process Statement's sensitivity list
Info: Elaborating entity "Calculadora_controller" for hierarchy "Calculadora_controller:maquina_estados"
Info: Elaborating entity "Counter" for hierarchy "Counter:contador"
Warning (10631): VHDL Process Statement warning at Counter.vhd(37): inferring latch(es) for signal or variable "T0", which holds its previous value in one or more paths through the process
Warning (10631): VHDL Process Statement warning at Counter.vhd(37): inferring latch(es) for signal or variable "T1", which holds its previous value in one or more paths through the process
Info (10041): Inferred latch for "T1" at Counter.vhd(37)
Info (10041): Inferred latch for "T0" at Counter.vhd(37)
Info: Elaborating entity "Salida" for hierarchy "Salida:salir"
Info: Inferred 1 megafunctions from design logic
    Info: Inferred multiplier megafunction ("lpm_mult") from the following logic: "Multiplicador:multiplicacion|Mult0"
Info: Elaborated megafunction instantiation "Multiplicador:multiplicacion|lpm_mult:Mult0"
Info: Instantiated megafunction "Multiplicador:multiplicacion|lpm_mult:Mult0" with the following parameter:
    Info: Parameter "LPM_WIDTHA" = "8"
    Info: Parameter "LPM_WIDTHB" = "8"
    Info: Parameter "LPM_WIDTHP" = "16"
    Info: Parameter "LPM_WIDTHR" = "16"
    Info: Parameter "LPM_WIDTHS" = "1"
    Info: Parameter "LPM_REPRESENTATION" = "SIGNED"
    Info: Parameter "INPUT_A_IS_CONSTANT" = "NO"
    Info: Parameter "INPUT_B_IS_CONSTANT" = "NO"
    Info: Parameter "MAXIMIZE_SPEED" = "5"
    Info: Parameter "DEDICATED_MULTIPLIER_CIRCUITRY" = "AUTO"
Info: Found 1 design units, including 1 entities, in source file db/mult_bm01.tdf
    Info: Found entity 1: mult_bm01
Warning: Latch Counter:contador|T0 has unsafe behavior
    Warning: Ports D and ENA on the latch are fed by the same signal Counter:contador|temp[0]
Info: Registers with preset signals will power-up high
Info: Implemented 83 device resources after synthesis - the final resource count might be different
    Info: Implemented 21 input pins
    Info: Implemented 15 output pins
    Info: Implemented 46 logic cells
    Info: Implemented 1 DSP elements
Info: Quartus II Analysis & Synthesis was successful. 0 errors, 8 warnings
    Info: Peak virtual memory: 239 megabytes
    Info: Processing ended: Tue Apr 12 18:57:22 2016
    Info: Elapsed time: 00:00:19
    Info: Total CPU time (on all processors): 00:00:01


